[INFO] Scanning for projects...
[INFO] ------------------------------------------------------------------------
[INFO] Reactor Build Order:
[INFO] 
[INFO] Keycloak Documentation Parent
[INFO] github-maven-plugin
[INFO] API Documentation
[INFO] Authorization Services
[INFO] Getting Started
[INFO] Securing Applications and Services
[INFO] Server Administration
[INFO] Server Developer
[INFO] Server Installation and Configuration
[INFO] Release Notes
[INFO] Upgrading Guide
[INFO] Red Hat Single Sign-On for OpenShift
[INFO] Aggregation
[INFO] Tests
[INFO]                                                                         
[INFO] ------------------------------------------------------------------------
[INFO] Building Keycloak Documentation Parent 1.0.0-SNAPSHOT
[INFO] ------------------------------------------------------------------------
[INFO] Downloading: https://repo.maven.apache.org/maven2/org/apache/maven/plugins/maven-install-plugin/2.5.2/maven-install-plugin-2.5.2.pom
[INFO] ------------------------------------------------------------------------
[INFO] Reactor Summary:
[INFO] 
[INFO] Keycloak Documentation Parent ...................... FAILURE [  1.630 s]
[INFO] github-maven-plugin ................................ SKIPPED
[INFO] API Documentation .................................. SKIPPED
[INFO] Authorization Services ............................. SKIPPED
[INFO] Getting Started .................................... SKIPPED
[INFO] Securing Applications and Services ................. SKIPPED
[INFO] Server Administration .............................. SKIPPED
[INFO] Server Developer ................................... SKIPPED
[INFO] Server Installation and Configuration .............. SKIPPED
[INFO] Release Notes ...................................... SKIPPED
[INFO] Upgrading Guide .................................... SKIPPED
[INFO] Red Hat Single Sign-On for OpenShift ............... SKIPPED
[INFO] Aggregation ........................................ SKIPPED
[INFO] Tests .............................................. SKIPPED
[INFO] ------------------------------------------------------------------------
[INFO] BUILD FAILURE
[INFO] ------------------------------------------------------------------------
[INFO] Total time: 2.118 s
[INFO] Finished at: 2019-07-22T19:22:53+00:00
[INFO] Final Memory: 7M/17M
[INFO] ------------------------------------------------------------------------
[ERROR] Plugin org.apache.maven.plugins:maven-install-plugin:2.5.2 or one of its dependencies could not be resolved: Failed to read artifact descriptor for org.apache.maven.plugins:maven-install-plugin:jar:2.5.2: Could not transfer artifact org.apache.maven.plugins:maven-install-plugin:pom:2.5.2 from/to central (https://repo.maven.apache.org/maven2): repo.maven.apache.org: Name or service not known: Unknown host repo.maven.apache.org: Name or service not known -> [Help 1]
[ERROR] 
[ERROR] To see the full stack trace of the errors, re-run Maven with the -e switch.
[ERROR] Re-run Maven using the -X switch to enable full debug logging.
[ERROR] 
[ERROR] For more information about the errors and possible solutions, please read the following articles:
[ERROR] [Help 1] http://cwiki.apache.org/confluence/display/MAVEN/PluginResolutionException
